2024-01-29T00:20:12	API country:  1
2024-01-29T00:23:03	log
2024-01-29T00:23:03	'dir'
2024-01-29T00:23:03	debug
2024-01-29T00:23:03	read
2024-01-29T00:23:03	system
2024-01-29T00:23:03	access
2024-01-29T00:47:29	log
2024-01-29T00:47:29	'dir'
2024-01-29T00:47:29	debug
2024-01-29T00:47:29	read
2024-01-29T00:47:29	system
2024-01-29T00:47:29	access
2024-01-29T00:47:52	log
2024-01-29T00:47:52	'dir'
2024-01-29T00:47:52	debug
2024-01-29T00:47:52	read
2024-01-29T00:47:52	system
2024-01-29T00:47:52	access
2024-01-29T01:06:45	API country:  undefined
2024-01-29T01:12:11	API country:  undefined
2024-01-29T01:12:19	API country:  1
2024-01-29T01:18:00	API country:  undefined
2024-01-29T01:19:21	API country:  undefined
